[2025-05-16T18:20:06][ERROR] PDOException: SQLSTATE[42S02]: Base table or view not found: 1146 Table 'librenms.config' doesn't exist in /opt/librenms/vendor/laravel/framework/src/Illuminate/Database/Connection.php:423
Stack trace:
#0 /opt/librenms/vendor/laravel/framework/src/Illuminate/Database/Connection.php(423): PDO->prepare()
#1 /opt/librenms/vendor/laravel/framework/src/Illuminate/Database/Connection.php(816): Illuminate\Database\Connection->Illuminate\Database\{closure}()
#2 /opt/librenms/vendor/laravel/framework/src/Illuminate/Database/Connection.php(783): Illuminate\Database\Connection->runQueryCallback()
#3 /opt/librenms/vendor/laravel/framework/src/Illuminate/Database/Connection.php(414): Illuminate\Database\Connection->run()
#4 /opt/librenms/vendor/laravel/framework/src/Illuminate/Database/Query/Builder.php(2913): Illuminate\Database\Connection->select()
#5 /opt/librenms/vendor/laravel/framework/src/Illuminate/Database/Query/Builder.php(2902): Illuminate\Database\Query\Builder->runSelect()
#6 /opt/librenms/vendor/laravel/framework/src/Illuminate/Database/Query/Builder.php(3456): Illuminate\Database\Query\Builder->Illuminate\Database\Query\{closure}()
#7 /opt/librenms/vendor/laravel/framework/src/Illuminate/Database/Query/Builder.php(2901): Illuminate\Database\Query\Builder->onceWithColumns()
#8 /opt/librenms/vendor/laravel/framework/src/Illuminate/Database/Eloquent/Builder.php(739): Illuminate\Database\Query\Builder->get()
#9 /opt/librenms/vendor/laravel/framework/src/Illuminate/Database/Eloquent/Builder.php(723): Illuminate\Database\Eloquent\Builder->getModels()
#10 /opt/librenms/vendor/laravel/framework/src/Illuminate/Database/Concerns/BuildsQueries.php(333): Illuminate\Database\Eloquent\Builder->get()
#11 /opt/librenms/vendor/laravel/framework/src/Illuminate/Database/Eloquent/Builder.php(568): Illuminate\Database\Eloquent\Builder->first()
#12 /opt/librenms/vendor/laravel/framework/src/Illuminate/Database/Eloquent/Builder.php(600): Illuminate\Database\Eloquent\Builder->firstOrCreate()
#13 /opt/librenms/vendor/laravel/framework/src/Illuminate/Support/Traits/ForwardsCalls.php(23): Illuminate\Database\Eloquent\Builder->updateOrCreate()
#14 /opt/librenms/vendor/laravel/framework/src/Illuminate/Database/Eloquent/Model.php(2335): Illuminate\Database\Eloquent\Model->forwardCallTo()
#15 /opt/librenms/vendor/laravel/framework/src/Illuminate/Database/Eloquent/Model.php(2347): Illuminate\Database\Eloquent\Model->__call()
#16 /opt/librenms/app/ConfigRepository.php(224): Illuminate\Database\Eloquent\Model::__callStatic()
#17 /opt/librenms/app/ConfigRepository.php(445): App\ConfigRepository->persist()
#18 /opt/librenms/app/ConfigRepository.php(62): App\ConfigRepository->loadPostUserConfigDefaults()
#19 /opt/librenms/vendor/laravel/framework/src/Illuminate/Cache/Repository.php(396): App\ConfigRepository->App\{closure}()
#20 /opt/librenms/app/ConfigRepository.php(55): Illuminate\Cache\Repository->remember()
#21 /opt/librenms/app/Providers/ConfigServiceProvider.php(20): App\ConfigRepository->__construct()
#22 /opt/librenms/vendor/laravel/framework/src/Illuminate/Container/Container.php(908): App\Providers\ConfigServiceProvider->App\Providers\{closure}()
#23 /opt/librenms/vendor/laravel/framework/src/Illuminate/Container/Container.php(795): Illuminate\Container\Container->build()
#24 /opt/librenms/vendor/laravel/framework/src/Illuminate/Foundation/Application.php(986): Illuminate\Container\Container->resolve()
#25 /opt/librenms/vendor/laravel/framework/src/Illuminate/Container/Container.php(731): Illuminate\Foundation\Application->resolve()
#26 /opt/librenms/vendor/laravel/framework/src/Illuminate/Foundation/Application.php(971): Illuminate\Container\Container->make()
#27 /opt/librenms/vendor/laravel/framework/src/Illuminate/Container/Container.php(1454): Illuminate\Foundation\Application->make()
#28 /opt/librenms/vendor/laravel/framework/src/Illuminate/Support/Facades/Facade.php(237): Illuminate\Container\Container->offsetGet()
#29 /opt/librenms/vendor/laravel/framework/src/Illuminate/Support/Facades/Facade.php(208): Illuminate\Support\Facades\Facade::resolveFacadeInstance()
#30 /opt/librenms/vendor/laravel/framework/src/Illuminate/Support/Facades/Facade.php(349): Illuminate\Support\Facades\Facade::getFacadeRoot()
#31 /opt/librenms/LibreNMS/Config.php(53): Illuminate\Support\Facades\Facade::__callStatic()
#32 /opt/librenms/includes/init.php(108): LibreNMS\Config::get()
#33 /opt/librenms/syslog.php(12): require('...')
#34 {main}

Next Illuminate\Database\QueryException: SQLSTATE[42S02]: Base table or view not found: 1146 Table 'librenms.config' doesn't exist (Connection: mysql, SQL: select * from `config` where (`config_name` = device_display_default) limit 1) in /opt/librenms/vendor/laravel/framework/src/Illuminate/Database/Connection.php:829
Stack trace:
#0 /opt/librenms/vendor/laravel/framework/src/Illuminate/Database/Connection.php(783): Illuminate\Database\Connection->runQueryCallback()
#1 /opt/librenms/vendor/laravel/framework/src/Illuminate/Database/Connection.php(414): Illuminate\Database\Connection->run()
#2 /opt/librenms/vendor/laravel/framework/src/Illuminate/Database/Query/Builder.php(2913): Illuminate\Database\Connection->select()
#3 /opt/librenms/vendor/laravel/framework/src/Illuminate/Database/Query/Builder.php(2902): Illuminate\Database\Query\Builder->runSelect()
#4 /opt/librenms/vendor/laravel/framework/src/Illuminate/Database/Query/Builder.php(3456): Illuminate\Database\Query\Builder->Illuminate\Database\Query\{closure}()
#5 /opt/librenms/vendor/laravel/framework/src/Illuminate/Database/Query/Builder.php(2901): Illuminate\Database\Query\Builder->onceWithColumns()
#6 /opt/librenms/vendor/laravel/framework/src/Illuminate/Database/Eloquent/Builder.php(739): Illuminate\Database\Query\Builder->get()
#7 /opt/librenms/vendor/laravel/framework/src/Illuminate/Database/Eloquent/Builder.php(723): Illuminate\Database\Eloquent\Builder->getModels()
#8 /opt/librenms/vendor/laravel/framework/src/Illuminate/Database/Concerns/BuildsQueries.php(333): Illuminate\Database\Eloquent\Builder->get()
#9 /opt/librenms/vendor/laravel/framework/src/Illuminate/Database/Eloquent/Builder.php(568): Illuminate\Database\Eloquent\Builder->first()
#10 /opt/librenms/vendor/laravel/framework/src/Illuminate/Database/Eloquent/Builder.php(600): Illuminate\Database\Eloquent\Builder->firstOrCreate()
#11 /opt/librenms/vendor/laravel/framework/src/Illuminate/Support/Traits/ForwardsCalls.php(23): Illuminate\Database\Eloquent\Builder->updateOrCreate()
#12 /opt/librenms/vendor/laravel/framework/src/Illuminate/Database/Eloquent/Model.php(2335): Illuminate\Database\Eloquent\Model->forwardCallTo()
#13 /opt/librenms/vendor/laravel/framework/src/Illuminate/Database/Eloquent/Model.php(2347): Illuminate\Database\Eloquent\Model->__call()
#14 /opt/librenms/app/ConfigRepository.php(224): Illuminate\Database\Eloquent\Model::__callStatic()
#15 /opt/librenms/app/ConfigRepository.php(445): App\ConfigRepository->persist()
#16 /opt/librenms/app/ConfigRepository.php(62): App\ConfigRepository->loadPostUserConfigDefaults()
#17 /opt/librenms/vendor/laravel/framework/src/Illuminate/Cache/Repository.php(396): App\ConfigRepository->App\{closure}()
#18 /opt/librenms/app/ConfigRepository.php(55): Illuminate\Cache\Repository->remember()
#19 /opt/librenms/app/Providers/ConfigServiceProvider.php(20): App\ConfigRepository->__construct()
#20 /opt/librenms/vendor/laravel/framework/src/Illuminate/Container/Container.php(908): App\Providers\ConfigServiceProvider->App\Providers\{closure}()
#21 /opt/librenms/vendor/laravel/framework/src/Illuminate/Container/Container.php(795): Illuminate\Container\Container->build()
#22 /opt/librenms/vendor/laravel/framework/src/Illuminate/Foundation/Application.php(986): Illuminate\Container\Container->resolve()
#23 /opt/librenms/vendor/laravel/framework/src/Illuminate/Container/Container.php(731): Illuminate\Foundation\Application->resolve()
#24 /opt/librenms/vendor/laravel/framework/src/Illuminate/Foundation/Application.php(971): Illuminate\Container\Container->make()
#25 /opt/librenms/vendor/laravel/framework/src/Illuminate/Container/Container.php(1454): Illuminate\Foundation\Application->make()
#26 /opt/librenms/vendor/laravel/framework/src/Illuminate/Support/Facades/Facade.php(237): Illuminate\Container\Container->offsetGet()
#27 /opt/librenms/vendor/laravel/framework/src/Illuminate/Support/Facades/Facade.php(208): Illuminate\Support\Facades\Facade::resolveFacadeInstance()
#28 /opt/librenms/vendor/laravel/framework/src/Illuminate/Support/Facades/Facade.php(349): Illuminate\Support\Facades\Facade::getFacadeRoot()
#29 /opt/librenms/LibreNMS/Config.php(53): Illuminate\Support\Facades\Facade::__callStatic()
#30 /opt/librenms/includes/init.php(108): LibreNMS\Config::get()
#31 /opt/librenms/syslog.php(12): require('...')
#32 {main}  
[2025-05-16T18:20:06][ERROR] PDOException: SQLSTATE[42S02]: Base table or view not found: 1146 Table 'librenms.config' doesn't exist in /opt/librenms/vendor/laravel/framework/src/Illuminate/Database/Connection.php:423
Stack trace:
#0 /opt/librenms/vendor/laravel/framework/src/Illuminate/Database/Connection.php(423): PDO->prepare()
#1 /opt/librenms/vendor/laravel/framework/src/Illuminate/Database/Connection.php(816): Illuminate\Database\Connection->Illuminate\Database\{closure}()
#2 /opt/librenms/vendor/laravel/framework/src/Illuminate/Database/Connection.php(783): Illuminate\Database\Connection->runQueryCallback()
#3 /opt/librenms/vendor/laravel/framework/src/Illuminate/Database/Connection.php(414): Illuminate\Database\Connection->run()
#4 /opt/librenms/vendor/laravel/framework/src/Illuminate/Database/Query/Builder.php(2913): Illuminate\Database\Connection->select()
#5 /opt/librenms/vendor/laravel/framework/src/Illuminate/Database/Query/Builder.php(2902): Illuminate\Database\Query\Builder->runSelect()
#6 /opt/librenms/vendor/laravel/framework/src/Illuminate/Database/Query/Builder.php(3456): Illuminate\Database\Query\Builder->Illuminate\Database\Query\{closure}()
#7 /opt/librenms/vendor/laravel/framework/src/Illuminate/Database/Query/Builder.php(2901): Illuminate\Database\Query\Builder->onceWithColumns()
#8 /opt/librenms/vendor/laravel/framework/src/Illuminate/Database/Eloquent/Builder.php(739): Illuminate\Database\Query\Builder->get()
#9 /opt/librenms/vendor/laravel/framework/src/Illuminate/Database/Eloquent/Builder.php(723): Illuminate\Database\Eloquent\Builder->getModels()
#10 /opt/librenms/vendor/laravel/framework/src/Illuminate/Database/Concerns/BuildsQueries.php(333): Illuminate\Database\Eloquent\Builder->get()
#11 /opt/librenms/vendor/laravel/framework/src/Illuminate/Database/Eloquent/Builder.php(568): Illuminate\Database\Eloquent\Builder->first()
#12 /opt/librenms/vendor/laravel/framework/src/Illuminate/Database/Eloquent/Builder.php(600): Illuminate\Database\Eloquent\Builder->firstOrCreate()
#13 /opt/librenms/vendor/laravel/framework/src/Illuminate/Support/Traits/ForwardsCalls.php(23): Illuminate\Database\Eloquent\Builder->updateOrCreate()
#14 /opt/librenms/vendor/laravel/framework/src/Illuminate/Database/Eloquent/Model.php(2335): Illuminate\Database\Eloquent\Model->forwardCallTo()
#15 /opt/librenms/vendor/laravel/framework/src/Illuminate/Database/Eloquent/Model.php(2347): Illuminate\Database\Eloquent\Model->__call()
#16 /opt/librenms/app/ConfigRepository.php(224): Illuminate\Database\Eloquent\Model::__callStatic()
#17 /opt/librenms/app/ConfigRepository.php(451): App\ConfigRepository->persist()
#18 /opt/librenms/app/ConfigRepository.php(62): App\ConfigRepository->loadPostUserConfigDefaults()
#19 /opt/librenms/vendor/laravel/framework/src/Illuminate/Cache/Repository.php(396): App\ConfigRepository->App\{closure}()
#20 /opt/librenms/app/ConfigRepository.php(55): Illuminate\Cache\Repository->remember()
#21 /opt/librenms/app/Providers/ConfigServiceProvider.php(20): App\ConfigRepository->__construct()
#22 /opt/librenms/vendor/laravel/framework/src/Illuminate/Container/Container.php(908): App\Providers\ConfigServiceProvider->App\Providers\{closure}()
#23 /opt/librenms/vendor/laravel/framework/src/Illuminate/Container/Container.php(795): Illuminate\Container\Container->build()
#24 /opt/librenms/vendor/laravel/framework/src/Illuminate/Foundation/Application.php(986): Illuminate\Container\Container->resolve()
#25 /opt/librenms/vendor/laravel/framework/src/Illuminate/Container/Container.php(731): Illuminate\Foundation\Application->resolve()
#26 /opt/librenms/vendor/laravel/framework/src/Illuminate/Foundation/Application.php(971): Illuminate\Container\Container->make()
#27 /opt/librenms/vendor/laravel/framework/src/Illuminate/Container/Container.php(1454): Illuminate\Foundation\Application->make()
#28 /opt/librenms/vendor/laravel/framework/src/Illuminate/Support/Facades/Facade.php(237): Illuminate\Container\Container->offsetGet()
#29 /opt/librenms/vendor/laravel/framework/src/Illuminate/Support/Facades/Facade.php(208): Illuminate\Support\Facades\Facade::resolveFacadeInstance()
#30 /opt/librenms/vendor/laravel/framework/src/Illuminate/Support/Facades/Facade.php(349): Illuminate\Support\Facades\Facade::getFacadeRoot()
#31 /opt/librenms/LibreNMS/Config.php(53): Illuminate\Support\Facades\Facade::__callStatic()
#32 /opt/librenms/includes/init.php(108): LibreNMS\Config::get()
#33 /opt/librenms/syslog.php(12): require('...')
#34 {main}

Next Illuminate\Database\QueryException: SQLSTATE[42S02]: Base table or view not found: 1146 Table 'librenms.config' doesn't exist (Connection: mysql, SQL: select * from `config` where (`config_name` = fping) limit 1) in /opt/librenms/vendor/laravel/framework/src/Illuminate/Database/Connection.php:829
Stack trace:
#0 /opt/librenms/vendor/laravel/framework/src/Illuminate/Database/Connection.php(783): Illuminate\Database\Connection->runQueryCallback()
#1 /opt/librenms/vendor/laravel/framework/src/Illuminate/Database/Connection.php(414): Illuminate\Database\Connection->run()
#2 /opt/librenms/vendor/laravel/framework/src/Illuminate/Database/Query/Builder.php(2913): Illuminate\Database\Connection->select()
#3 /opt/librenms/vendor/laravel/framework/src/Illuminate/Database/Query/Builder.php(2902): Illuminate\Database\Query\Builder->runSelect()
#4 /opt/librenms/vendor/laravel/framework/src/Illuminate/Database/Query/Builder.php(3456): Illuminate\Database\Query\Builder->Illuminate\Database\Query\{closure}()
#5 /opt/librenms/vendor/laravel/framework/src/Illuminate/Database/Query/Builder.php(2901): Illuminate\Database\Query\Builder->onceWithColumns()
#6 /opt/librenms/vendor/laravel/framework/src/Illuminate/Database/Eloquent/Builder.php(739): Illuminate\Database\Query\Builder->get()
#7 /opt/librenms/vendor/laravel/framework/src/Illuminate/Database/Eloquent/Builder.php(723): Illuminate\Database\Eloquent\Builder->getModels()
#8 /opt/librenms/vendor/laravel/framework/src/Illuminate/Database/Concerns/BuildsQueries.php(333): Illuminate\Database\Eloquent\Builder->get()
#9 /opt/librenms/vendor/laravel/framework/src/Illuminate/Database/Eloquent/Builder.php(568): Illuminate\Database\Eloquent\Builder->first()
#10 /opt/librenms/vendor/laravel/framework/src/Illuminate/Database/Eloquent/Builder.php(600): Illuminate\Database\Eloquent\Builder->firstOrCreate()
#11 /opt/librenms/vendor/laravel/framework/src/Illuminate/Support/Traits/ForwardsCalls.php(23): Illuminate\Database\Eloquent\Builder->updateOrCreate()
#12 /opt/librenms/vendor/laravel/framework/src/Illuminate/Database/Eloquent/Model.php(2335): Illuminate\Database\Eloquent\Model->forwardCallTo()
#13 /opt/librenms/vendor/laravel/framework/src/Illuminate/Database/Eloquent/Model.php(2347): Illuminate\Database\Eloquent\Model->__call()
#14 /opt/librenms/app/ConfigRepository.php(224): Illuminate\Database\Eloquent\Model::__callStatic()
#15 /opt/librenms/app/ConfigRepository.php(451): App\ConfigRepository->persist()
#16 /opt/librenms/app/ConfigRepository.php(62): App\ConfigRepository->loadPostUserConfigDefaults()
#17 /opt/librenms/vendor/laravel/framework/src/Illuminate/Cache/Repository.php(396): App\ConfigRepository->App\{closure}()
#18 /opt/librenms/app/ConfigRepository.php(55): Illuminate\Cache\Repository->remember()
#19 /opt/librenms/app/Providers/ConfigServiceProvider.php(20): App\ConfigRepository->__construct()
#20 /opt/librenms/vendor/laravel/framework/src/Illuminate/Container/Container.php(908): App\Providers\ConfigServiceProvider->App\Providers\{closure}()
#21 /opt/librenms/vendor/laravel/framework/src/Illuminate/Container/Container.php(795): Illuminate\Container\Container->build()
#22 /opt/librenms/vendor/laravel/framework/src/Illuminate/Foundation/Application.php(986): Illuminate\Container\Container->resolve()
#23 /opt/librenms/vendor/laravel/framework/src/Illuminate/Container/Container.php(731): Illuminate\Foundation\Application->resolve()
#24 /opt/librenms/vendor/laravel/framework/src/Illuminate/Foundation/Application.php(971): Illuminate\Container\Container->make()
#25 /opt/librenms/vendor/laravel/framework/src/Illuminate/Container/Container.php(1454): Illuminate\Foundation\Application->make()
#26 /opt/librenms/vendor/laravel/framework/src/Illuminate/Support/Facades/Facade.php(237): Illuminate\Container\Container->offsetGet()
#27 /opt/librenms/vendor/laravel/framework/src/Illuminate/Support/Facades/Facade.php(208): Illuminate\Support\Facades\Facade::resolveFacadeInstance()
#28 /opt/librenms/vendor/laravel/framework/src/Illuminate/Support/Facades/Facade.php(349): Illuminate\Support\Facades\Facade::getFacadeRoot()
#29 /opt/librenms/LibreNMS/Config.php(53): Illuminate\Support\Facades\Facade::__callStatic()
#30 /opt/librenms/includes/init.php(108): LibreNMS\Config::get()
#31 /opt/librenms/syslog.php(12): require('...')
#32 {main}  
[2025-05-16T18:20:06][ERROR] PDOException: SQLSTATE[42S02]: Base table or view not found: 1146 Table 'librenms.config' doesn't exist in /opt/librenms/vendor/laravel/framework/src/Illuminate/Database/Connection.php:423
Stack trace:
#0 /opt/librenms/vendor/laravel/framework/src/Illuminate/Database/Connection.php(423): PDO->prepare()
#1 /opt/librenms/vendor/laravel/framework/src/Illuminate/Database/Connection.php(816): Illuminate\Database\Connection->Illuminate\Database\{closure}()
#2 /opt/librenms/vendor/laravel/framework/src/Illuminate/Database/Connection.php(783): Illuminate\Database\Connection->runQueryCallback()
#3 /opt/librenms/vendor/laravel/framework/src/Illuminate/Database/Connection.php(414): Illuminate\Database\Connection->run()
#4 /opt/librenms/vendor/laravel/framework/src/Illuminate/Database/Query/Builder.php(2913): Illuminate\Database\Connection->select()
#5 /opt/librenms/vendor/laravel/framework/src/Illuminate/Database/Query/Builder.php(2902): Illuminate\Database\Query\Builder->runSelect()
#6 /opt/librenms/vendor/laravel/framework/src/Illuminate/Database/Query/Builder.php(3456): Illuminate\Database\Query\Builder->Illuminate\Database\Query\{closure}()
#7 /opt/librenms/vendor/laravel/framework/src/Illuminate/Database/Query/Builder.php(2901): Illuminate\Database\Query\Builder->onceWithColumns()
#8 /opt/librenms/vendor/laravel/framework/src/Illuminate/Database/Eloquent/Builder.php(739): Illuminate\Database\Query\Builder->get()
#9 /opt/librenms/vendor/laravel/framework/src/Illuminate/Database/Eloquent/Builder.php(723): Illuminate\Database\Eloquent\Builder->getModels()
#10 /opt/librenms/vendor/laravel/framework/src/Illuminate/Database/Concerns/BuildsQueries.php(333): Illuminate\Database\Eloquent\Builder->get()
#11 /opt/librenms/vendor/laravel/framework/src/Illuminate/Database/Eloquent/Builder.php(568): Illuminate\Database\Eloquent\Builder->first()
#12 /opt/librenms/vendor/laravel/framework/src/Illuminate/Database/Eloquent/Builder.php(600): Illuminate\Database\Eloquent\Builder->firstOrCreate()
#13 /opt/librenms/vendor/laravel/framework/src/Illuminate/Support/Traits/ForwardsCalls.php(23): Illuminate\Database\Eloquent\Builder->updateOrCreate()
#14 /opt/librenms/vendor/laravel/framework/src/Illuminate/Database/Eloquent/Model.php(2335): Illuminate\Database\Eloquent\Model->forwardCallTo()
#15 /opt/librenms/vendor/laravel/framework/src/Illuminate/Database/Eloquent/Model.php(2347): Illuminate\Database\Eloquent\Model->__call()
#16 /opt/librenms/app/ConfigRepository.php(224): Illuminate\Database\Eloquent\Model::__callStatic()
#17 /opt/librenms/app/ConfigRepository.php(451): App\ConfigRepository->persist()
#18 /opt/librenms/app/ConfigRepository.php(62): App\ConfigRepository->loadPostUserConfigDefaults()
#19 /opt/librenms/vendor/laravel/framework/src/Illuminate/Cache/Repository.php(396): App\ConfigRepository->App\{closure}()
#20 /opt/librenms/app/ConfigRepository.php(55): Illuminate\Cache\Repository->remember()
#21 /opt/librenms/app/Providers/ConfigServiceProvider.php(20): App\ConfigRepository->__construct()
#22 /opt/librenms/vendor/laravel/framework/src/Illuminate/Container/Container.php(908): App\Providers\ConfigServiceProvider->App\Providers\{closure}()
#23 /opt/librenms/vendor/laravel/framework/src/Illuminate/Container/Container.php(795): Illuminate\Container\Container->build()
#24 /opt/librenms/vendor/laravel/framework/src/Illuminate/Foundation/Application.php(986): Illuminate\Container\Container->resolve()
#25 /opt/librenms/vendor/laravel/framework/src/Illuminate/Container/Container.php(731): Illuminate\Foundation\Application->resolve()
#26 /opt/librenms/vendor/laravel/framework/src/Illuminate/Foundation/Application.php(971): Illuminate\Container\Container->make()
#27 /opt/librenms/vendor/laravel/framework/src/Illuminate/Container/Container.php(1454): Illuminate\Foundation\Application->make()
#28 /opt/librenms/vendor/laravel/framework/src/Illuminate/Support/Facades/Facade.php(237): Illuminate\Container\Container->offsetGet()
#29 /opt/librenms/vendor/laravel/framework/src/Illuminate/Support/Facades/Facade.php(208): Illuminate\Support\Facades\Facade::resolveFacadeInstance()
#30 /opt/librenms/vendor/laravel/framework/src/Illuminate/Support/Facades/Facade.php(349): Illuminate\Support\Facades\Facade::getFacadeRoot()
#31 /opt/librenms/LibreNMS/Config.php(53): Illuminate\Support\Facades\Facade::__callStatic()
#32 /opt/librenms/includes/init.php(108): LibreNMS\Config::get()
#33 /opt/librenms/syslog.php(12): require('...')
#34 {main}

Next Illuminate\Database\QueryException: SQLSTATE[42S02]: Base table or view not found: 1146 Table 'librenms.config' doesn't exist (Connection: mysql, SQL: select * from `config` where (`config_name` = fping6) limit 1) in /opt/librenms/vendor/laravel/framework/src/Illuminate/Database/Connection.php:829
Stack trace:
#0 /opt/librenms/vendor/laravel/framework/src/Illuminate/Database/Connection.php(783): Illuminate\Database\Connection->runQueryCallback()
#1 /opt/librenms/vendor/laravel/framework/src/Illuminate/Database/Connection.php(414): Illuminate\Database\Connection->run()
#2 /opt/librenms/vendor/laravel/framework/src/Illuminate/Database/Query/Builder.php(2913): Illuminate\Database\Connection->select()
#3 /opt/librenms/vendor/laravel/framework/src/Illuminate/Database/Query/Builder.php(2902): Illuminate\Database\Query\Builder->runSelect()
#4 /opt/librenms/vendor/laravel/framework/src/Illuminate/Database/Query/Builder.php(3456): Illuminate\Database\Query\Builder->Illuminate\Database\Query\{closure}()
#5 /opt/librenms/vendor/laravel/framework/src/Illuminate/Database/Query/Builder.php(2901): Illuminate\Database\Query\Builder->onceWithColumns()
#6 /opt/librenms/vendor/laravel/framework/src/Illuminate/Database/Eloquent/Builder.php(739): Illuminate\Database\Query\Builder->get()
#7 /opt/librenms/vendor/laravel/framework/src/Illuminate/Database/Eloquent/Builder.php(723): Illuminate\Database\Eloquent\Builder->getModels()
#8 /opt/librenms/vendor/laravel/framework/src/Illuminate/Database/Concerns/BuildsQueries.php(333): Illuminate\Database\Eloquent\Builder->get()
#9 /opt/librenms/vendor/laravel/framework/src/Illuminate/Database/Eloquent/Builder.php(568): Illuminate\Database\Eloquent\Builder->first()
#10 /opt/librenms/vendor/laravel/framework/src/Illuminate/Database/Eloquent/Builder.php(600): Illuminate\Database\Eloquent\Builder->firstOrCreate()
#11 /opt/librenms/vendor/laravel/framework/src/Illuminate/Support/Traits/ForwardsCalls.php(23): Illuminate\Database\Eloquent\Builder->updateOrCreate()
#12 /opt/librenms/vendor/laravel/framework/src/Illuminate/Database/Eloquent/Model.php(2335): Illuminate\Database\Eloquent\Model->forwardCallTo()
#13 /opt/librenms/vendor/laravel/framework/src/Illuminate/Database/Eloquent/Model.php(2347): Illuminate\Database\Eloquent\Model->__call()
#14 /opt/librenms/app/ConfigRepository.php(224): Illuminate\Database\Eloquent\Model::__callStatic()
#15 /opt/librenms/app/ConfigRepository.php(451): App\ConfigRepository->persist()
#16 /opt/librenms/app/ConfigRepository.php(62): App\ConfigRepository->loadPostUserConfigDefaults()
#17 /opt/librenms/vendor/laravel/framework/src/Illuminate/Cache/Repository.php(396): App\ConfigRepository->App\{closure}()
#18 /opt/librenms/app/ConfigRepository.php(55): Illuminate\Cache\Repository->remember()
#19 /opt/librenms/app/Providers/ConfigServiceProvider.php(20): App\ConfigRepository->__construct()
#20 /opt/librenms/vendor/laravel/framework/src/Illuminate/Container/Container.php(908): App\Providers\ConfigServiceProvider->App\Providers\{closure}()
#21 /opt/librenms/vendor/laravel/framework/src/Illuminate/Container/Container.php(795): Illuminate\Container\Container->build()
#22 /opt/librenms/vendor/laravel/framework/src/Illuminate/Foundation/Application.php(986): Illuminate\Container\Container->resolve()
#23 /opt/librenms/vendor/laravel/framework/src/Illuminate/Container/Container.php(731): Illuminate\Foundation\Application->resolve()
#24 /opt/librenms/vendor/laravel/framework/src/Illuminate/Foundation/Application.php(971): Illuminate\Container\Container->make()
#25 /opt/librenms/vendor/laravel/framework/src/Illuminate/Container/Container.php(1454): Illuminate\Foundation\Application->make()
#26 /opt/librenms/vendor/laravel/framework/src/Illuminate/Support/Facades/Facade.php(237): Illuminate\Container\Container->offsetGet()
#27 /opt/librenms/vendor/laravel/framework/src/Illuminate/Support/Facades/Facade.php(208): Illuminate\Support\Facades\Facade::resolveFacadeInstance()
#28 /opt/librenms/vendor/laravel/framework/src/Illuminate/Support/Facades/Facade.php(349): Illuminate\Support\Facades\Facade::getFacadeRoot()
#29 /opt/librenms/LibreNMS/Config.php(53): Illuminate\Support\Facades\Facade::__callStatic()
#30 /opt/librenms/includes/init.php(108): LibreNMS\Config::get()
#31 /opt/librenms/syslog.php(12): require('...')
#32 {main}  
[2025-05-16T18:20:06][ERROR] PDOException: SQLSTATE[42S02]: Base table or view not found: 1146 Table 'librenms.config' doesn't exist in /opt/librenms/vendor/laravel/framework/src/Illuminate/Database/Connection.php:423
Stack trace:
#0 /opt/librenms/vendor/laravel/framework/src/Illuminate/Database/Connection.php(423): PDO->prepare()
#1 /opt/librenms/vendor/laravel/framework/src/Illuminate/Database/Connection.php(816): Illuminate\Database\Connection->Illuminate\Database\{closure}()
#2 /opt/librenms/vendor/laravel/framework/src/Illuminate/Database/Connection.php(783): Illuminate\Database\Connection->runQueryCallback()
#3 /opt/librenms/vendor/laravel/framework/src/Illuminate/Database/Connection.php(414): Illuminate\Database\Connection->run()
#4 /opt/librenms/vendor/laravel/framework/src/Illuminate/Database/Query/Builder.php(2913): Illuminate\Database\Connection->select()
#5 /opt/librenms/vendor/laravel/framework/src/Illuminate/Database/Query/Builder.php(2902): Illuminate\Database\Query\Builder->runSelect()
#6 /opt/librenms/vendor/laravel/framework/src/Illuminate/Database/Query/Builder.php(3456): Illuminate\Database\Query\Builder->Illuminate\Database\Query\{closure}()
#7 /opt/librenms/vendor/laravel/framework/src/Illuminate/Database/Query/Builder.php(2901): Illuminate\Database\Query\Builder->onceWithColumns()
#8 /opt/librenms/vendor/laravel/framework/src/Illuminate/Database/Eloquent/Builder.php(739): Illuminate\Database\Query\Builder->get()
#9 /opt/librenms/vendor/laravel/framework/src/Illuminate/Database/Eloquent/Builder.php(723): Illuminate\Database\Eloquent\Builder->getModels()
#10 /opt/librenms/vendor/laravel/framework/src/Illuminate/Database/Concerns/BuildsQueries.php(333): Illuminate\Database\Eloquent\Builder->get()
#11 /opt/librenms/vendor/laravel/framework/src/Illuminate/Database/Eloquent/Builder.php(568): Illuminate\Database\Eloquent\Builder->first()
#12 /opt/librenms/vendor/laravel/framework/src/Illuminate/Database/Eloquent/Builder.php(600): Illuminate\Database\Eloquent\Builder->firstOrCreate()
#13 /opt/librenms/vendor/laravel/framework/src/Illuminate/Support/Traits/ForwardsCalls.php(23): Illuminate\Database\Eloquent\Builder->updateOrCreate()
#14 /opt/librenms/vendor/laravel/framework/src/Illuminate/Database/Eloquent/Model.php(2335): Illuminate\Database\Eloquent\Model->forwardCallTo()
#15 /opt/librenms/vendor/laravel/framework/src/Illuminate/Database/Eloquent/Model.php(2347): Illuminate\Database\Eloquent\Model->__call()
#16 /opt/librenms/app/ConfigRepository.php(224): Illuminate\Database\Eloquent\Model::__callStatic()
#17 /opt/librenms/app/ConfigRepository.php(451): App\ConfigRepository->persist()
#18 /opt/librenms/app/ConfigRepository.php(62): App\ConfigRepository->loadPostUserConfigDefaults()
#19 /opt/librenms/vendor/laravel/framework/src/Illuminate/Cache/Repository.php(396): App\ConfigRepository->App\{closure}()
#20 /opt/librenms/app/ConfigRepository.php(55): Illuminate\Cache\Repository->remember()
#21 /opt/librenms/app/Providers/ConfigServiceProvider.php(20): App\ConfigRepository->__construct()
#22 /opt/librenms/vendor/laravel/framework/src/Illuminate/Container/Container.php(908): App\Providers\ConfigServiceProvider->App\Providers\{closure}()
#23 /opt/librenms/vendor/laravel/framework/src/Illuminate/Container/Container.php(795): Illuminate\Container\Container->build()
#24 /opt/librenms/vendor/laravel/framework/src/Illuminate/Foundation/Application.php(986): Illuminate\Container\Container->resolve()
#25 /opt/librenms/vendor/laravel/framework/src/Illuminate/Container/Container.php(731): Illuminate\Foundation\Application->resolve()
#26 /opt/librenms/vendor/laravel/framework/src/Illuminate/Foundation/Application.php(971): Illuminate\Container\Container->make()
#27 /opt/librenms/vendor/laravel/framework/src/Illuminate/Container/Container.php(1454): Illuminate\Foundation\Application->make()
#28 /opt/librenms/vendor/laravel/framework/src/Illuminate/Support/Facades/Facade.php(237): Illuminate\Container\Container->offsetGet()
#29 /opt/librenms/vendor/laravel/framework/src/Illuminate/Support/Facades/Facade.php(208): Illuminate\Support\Facades\Facade::resolveFacadeInstance()
#30 /opt/librenms/vendor/laravel/framework/src/Illuminate/Support/Facades/Facade.php(349): Illuminate\Support\Facades\Facade::getFacadeRoot()
#31 /opt/librenms/LibreNMS/Config.php(53): Illuminate\Support\Facades\Facade::__callStatic()
#32 /opt/librenms/includes/init.php(108): LibreNMS\Config::get()
#33 /opt/librenms/syslog.php(12): require('...')
#34 {main}

Next Illuminate\Database\QueryException: SQLSTATE[42S02]: Base table or view not found: 1146 Table 'librenms.config' doesn't exist (Connection: mysql, SQL: select * from `config` where (`config_name` = snmpgetnext) limit 1) in /opt/librenms/vendor/laravel/framework/src/Illuminate/Database/Connection.php:829
Stack trace:
#0 /opt/librenms/vendor/laravel/framework/src/Illuminate/Database/Connection.php(783): Illuminate\Database\Connection->runQueryCallback()
#1 /opt/librenms/vendor/laravel/framework/src/Illuminate/Database/Connection.php(414): Illuminate\Database\Connection->run()
#2 /opt/librenms/vendor/laravel/framework/src/Illuminate/Database/Query/Builder.php(2913): Illuminate\Database\Connection->select()
#3 /opt/librenms/vendor/laravel/framework/src/Illuminate/Database/Query/Builder.php(2902): Illuminate\Database\Query\Builder->runSelect()
#4 /opt/librenms/vendor/laravel/framework/src/Illuminate/Database/Query/Builder.php(3456): Illuminate\Database\Query\Builder->Illuminate\Database\Query\{closure}()
#5 /opt/librenms/vendor/laravel/framework/src/Illuminate/Database/Query/Builder.php(2901): Illuminate\Database\Query\Builder->onceWithColumns()
#6 /opt/librenms/vendor/laravel/framework/src/Illuminate/Database/Eloquent/Builder.php(739): Illuminate\Database\Query\Builder->get()
#7 /opt/librenms/vendor/laravel/framework/src/Illuminate/Database/Eloquent/Builder.php(723): Illuminate\Database\Eloquent\Builder->getModels()
#8 /opt/librenms/vendor/laravel/framework/src/Illuminate/Database/Concerns/BuildsQueries.php(333): Illuminate\Database\Eloquent\Builder->get()
#9 /opt/librenms/vendor/laravel/framework/src/Illuminate/Database/Eloquent/Builder.php(568): Illuminate\Database\Eloquent\Builder->first()
#10 /opt/librenms/vendor/laravel/framework/src/Illuminate/Database/Eloquent/Builder.php(600): Illuminate\Database\Eloquent\Builder->firstOrCreate()
#11 /opt/librenms/vendor/laravel/framework/src/Illuminate/Support/Traits/ForwardsCalls.php(23): Illuminate\Database\Eloquent\Builder->updateOrCreate()
#12 /opt/librenms/vendor/laravel/framework/src/Illuminate/Database/Eloquent/Model.php(2335): Illuminate\Database\Eloquent\Model->forwardCallTo()
#13 /opt/librenms/vendor/laravel/framework/src/Illuminate/Database/Eloquent/Model.php(2347): Illuminate\Database\Eloquent\Model->__call()
#14 /opt/librenms/app/ConfigRepository.php(224): Illuminate\Database\Eloquent\Model::__callStatic()
#15 /opt/librenms/app/ConfigRepository.php(451): App\ConfigRepository->persist()
#16 /opt/librenms/app/ConfigRepository.php(62): App\ConfigRepository->loadPostUserConfigDefaults()
#17 /opt/librenms/vendor/laravel/framework/src/Illuminate/Cache/Repository.php(396): App\ConfigRepository->App\{closure}()
#18 /opt/librenms/app/ConfigRepository.php(55): Illuminate\Cache\Repository->remember()
#19 /opt/librenms/app/Providers/ConfigServiceProvider.php(20): App\ConfigRepository->__construct()
#20 /opt/librenms/vendor/laravel/framework/src/Illuminate/Container/Container.php(908): App\Providers\ConfigServiceProvider->App\Providers\{closure}()
#21 /opt/librenms/vendor/laravel/framework/src/Illuminate/Container/Container.php(795): Illuminate\Container\Container->build()
#22 /opt/librenms/vendor/laravel/framework/src/Illuminate/Foundation/Application.php(986): Illuminate\Container\Container->resolve()
#23 /opt/librenms/vendor/laravel/framework/src/Illuminate/Container/Container.php(731): Illuminate\Foundation\Application->resolve()
#24 /opt/librenms/vendor/laravel/framework/src/Illuminate/Foundation/Application.php(971): Illuminate\Container\Container->make()
#25 /opt/librenms/vendor/laravel/framework/src/Illuminate/Container/Container.php(1454): Illuminate\Foundation\Application->make()
#26 /opt/librenms/vendor/laravel/framework/src/Illuminate/Support/Facades/Facade.php(237): Illuminate\Container\Container->offsetGet()
#27 /opt/librenms/vendor/laravel/framework/src/Illuminate/Support/Facades/Facade.php(208): Illuminate\Support\Facades\Facade::resolveFacadeInstance()
#28 /opt/librenms/vendor/laravel/framework/src/Illuminate/Support/Facades/Facade.php(349): Illuminate\Support\Facades\Facade::getFacadeRoot()
#29 /opt/librenms/LibreNMS/Config.php(53): Illuminate\Support\Facades\Facade::__callStatic()
#30 /opt/librenms/includes/init.php(108): LibreNMS\Config::get()
#31 /opt/librenms/syslog.php(12): require('...')
#32 {main}  
[2025-05-16T18:20:06][ERROR] PDOException: SQLSTATE[42S02]: Base table or view not found: 1146 Table 'librenms.config' doesn't exist in /opt/librenms/vendor/laravel/framework/src/Illuminate/Database/Connection.php:423
Stack trace:
#0 /opt/librenms/vendor/laravel/framework/src/Illuminate/Database/Connection.php(423): PDO->prepare()
#1 /opt/librenms/vendor/laravel/framework/src/Illuminate/Database/Connection.php(816): Illuminate\Database\Connection->Illuminate\Database\{closure}()
#2 /opt/librenms/vendor/laravel/framework/src/Illuminate/Database/Connection.php(783): Illuminate\Database\Connection->runQueryCallback()
#3 /opt/librenms/vendor/laravel/framework/src/Illuminate/Database/Connection.php(414): Illuminate\Database\Connection->run()
#4 /opt/librenms/vendor/laravel/framework/src/Illuminate/Database/Query/Builder.php(2913): Illuminate\Database\Connection->select()
#5 /opt/librenms/vendor/laravel/framework/src/Illuminate/Database/Query/Builder.php(2902): Illuminate\Database\Query\Builder->runSelect()
#6 /opt/librenms/vendor/laravel/framework/src/Illuminate/Database/Query/Builder.php(3456): Illuminate\Database\Query\Builder->Illuminate\Database\Query\{closure}()
#7 /opt/librenms/vendor/laravel/framework/src/Illuminate/Database/Query/Builder.php(2901): Illuminate\Database\Query\Builder->onceWithColumns()
#8 /opt/librenms/vendor/laravel/framework/src/Illuminate/Database/Eloquent/Builder.php(739): Illuminate\Database\Query\Builder->get()
#9 /opt/librenms/vendor/laravel/framework/src/Illuminate/Database/Eloquent/Builder.php(723): Illuminate\Database\Eloquent\Builder->getModels()
#10 /opt/librenms/vendor/laravel/framework/src/Illuminate/Database/Concerns/BuildsQueries.php(333): Illuminate\Database\Eloquent\Builder->get()
#11 /opt/librenms/vendor/laravel/framework/src/Illuminate/Database/Eloquent/Builder.php(568): Illuminate\Database\Eloquent\Builder->first()
#12 /opt/librenms/vendor/laravel/framework/src/Illuminate/Database/Eloquent/Builder.php(600): Illuminate\Database\Eloquent\Builder->firstOrCreate()
#13 /opt/librenms/vendor/laravel/framework/src/Illuminate/Support/Traits/ForwardsCalls.php(23): Illuminate\Database\Eloquent\Builder->updateOrCreate()
#14 /opt/librenms/vendor/laravel/framework/src/Illuminate/Database/Eloquent/Model.php(2335): Illuminate\Database\Eloquent\Model->forwardCallTo()
#15 /opt/librenms/vendor/laravel/framework/src/Illuminate/Database/Eloquent/Model.php(2347): Illuminate\Database\Eloquent\Model->__call()
#16 /opt/librenms/app/ConfigRepository.php(224): Illuminate\Database\Eloquent\Model::__callStatic()
#17 /opt/librenms/app/ConfigRepository.php(451): App\ConfigRepository->persist()
#18 /opt/librenms/app/ConfigRepository.php(62): App\ConfigRepository->loadPostUserConfigDefaults()
#19 /opt/librenms/vendor/laravel/framework/src/Illuminate/Cache/Repository.php(396): App\ConfigRepository->App\{closure}()
#20 /opt/librenms/app/ConfigRepository.php(55): Illuminate\Cache\Repository->remember()
#21 /opt/librenms/app/Providers/ConfigServiceProvider.php(20): App\ConfigRepository->__construct()
#22 /opt/librenms/vendor/laravel/framework/src/Illuminate/Container/Container.php(908): App\Providers\ConfigServiceProvider->App\Providers\{closure}()
#23 /opt/librenms/vendor/laravel/framework/src/Illuminate/Container/Container.php(795): Illuminate\Container\Container->build()
#24 /opt/librenms/vendor/laravel/framework/src/Illuminate/Foundation/Application.php(986): Illuminate\Container\Container->resolve()
#25 /opt/librenms/vendor/laravel/framework/src/Illuminate/Container/Container.php(731): Illuminate\Foundation\Application->resolve()
#26 /opt/librenms/vendor/laravel/framework/src/Illuminate/Foundation/Application.php(971): Illuminate\Container\Container->make()
#27 /opt/librenms/vendor/laravel/framework/src/Illuminate/Container/Container.php(1454): Illuminate\Foundation\Application->make()
#28 /opt/librenms/vendor/laravel/framework/src/Illuminate/Support/Facades/Facade.php(237): Illuminate\Container\Container->offsetGet()
#29 /opt/librenms/vendor/laravel/framework/src/Illuminate/Support/Facades/Facade.php(208): Illuminate\Support\Facades\Facade::resolveFacadeInstance()
#30 /opt/librenms/vendor/laravel/framework/src/Illuminate/Support/Facades/Facade.php(349): Illuminate\Support\Facades\Facade::getFacadeRoot()
#31 /opt/librenms/LibreNMS/Config.php(53): Illuminate\Support\Facades\Facade::__callStatic()
#32 /opt/librenms/includes/init.php(108): LibreNMS\Config::get()
#33 /opt/librenms/syslog.php(12): require('...')
#34 {main}

Next Illuminate\Database\QueryException: SQLSTATE[42S02]: Base table or view not found: 1146 Table 'librenms.config' doesn't exist (Connection: mysql, SQL: select * from `config` where (`config_name` = rrdtool) limit 1) in /opt/librenms/vendor/laravel/framework/src/Illuminate/Database/Connection.php:829
Stack trace:
#0 /opt/librenms/vendor/laravel/framework/src/Illuminate/Database/Connection.php(783): Illuminate\Database\Connection->runQueryCallback()
#1 /opt/librenms/vendor/laravel/framework/src/Illuminate/Database/Connection.php(414): Illuminate\Database\Connection->run()
#2 /opt/librenms/vendor/laravel/framework/src/Illuminate/Database/Query/Builder.php(2913): Illuminate\Database\Connection->select()
#3 /opt/librenms/vendor/laravel/framework/src/Illuminate/Database/Query/Builder.php(2902): Illuminate\Database\Query\Builder->runSelect()
#4 /opt/librenms/vendor/laravel/framework/src/Illuminate/Database/Query/Builder.php(3456): Illuminate\Database\Query\Builder->Illuminate\Database\Query\{closure}()
#5 /opt/librenms/vendor/laravel/framework/src/Illuminate/Database/Query/Builder.php(2901): Illuminate\Database\Query\Builder->onceWithColumns()
#6 /opt/librenms/vendor/laravel/framework/src/Illuminate/Database/Eloquent/Builder.php(739): Illuminate\Database\Query\Builder->get()
#7 /opt/librenms/vendor/laravel/framework/src/Illuminate/Database/Eloquent/Builder.php(723): Illuminate\Database\Eloquent\Builder->getModels()
#8 /opt/librenms/vendor/laravel/framework/src/Illuminate/Database/Concerns/BuildsQueries.php(333): Illuminate\Database\Eloquent\Builder->get()
#9 /opt/librenms/vendor/laravel/framework/src/Illuminate/Database/Eloquent/Builder.php(568): Illuminate\Database\Eloquent\Builder->first()
#10 /opt/librenms/vendor/laravel/framework/src/Illuminate/Database/Eloquent/Builder.php(600): Illuminate\Database\Eloquent\Builder->firstOrCreate()
#11 /opt/librenms/vendor/laravel/framework/src/Illuminate/Support/Traits/ForwardsCalls.php(23): Illuminate\Database\Eloquent\Builder->updateOrCreate()
#12 /opt/librenms/vendor/laravel/framework/src/Illuminate/Database/Eloquent/Model.php(2335): Illuminate\Database\Eloquent\Model->forwardCallTo()
#13 /opt/librenms/vendor/laravel/framework/src/Illuminate/Database/Eloquent/Model.php(2347): Illuminate\Database\Eloquent\Model->__call()
#14 /opt/librenms/app/ConfigRepository.php(224): Illuminate\Database\Eloquent\Model::__callStatic()
#15 /opt/librenms/app/ConfigRepository.php(451): App\ConfigRepository->persist()
#16 /opt/librenms/app/ConfigRepository.php(62): App\ConfigRepository->loadPostUserConfigDefaults()
#17 /opt/librenms/vendor/laravel/framework/src/Illuminate/Cache/Repository.php(396): App\ConfigRepository->App\{closure}()
#18 /opt/librenms/app/ConfigRepository.php(55): Illuminate\Cache\Repository->remember()
#19 /opt/librenms/app/Providers/ConfigServiceProvider.php(20): App\ConfigRepository->__construct()
#20 /opt/librenms/vendor/laravel/framework/src/Illuminate/Container/Container.php(908): App\Providers\ConfigServiceProvider->App\Providers\{closure}()
#21 /opt/librenms/vendor/laravel/framework/src/Illuminate/Container/Container.php(795): Illuminate\Container\Container->build()
#22 /opt/librenms/vendor/laravel/framework/src/Illuminate/Foundation/Application.php(986): Illuminate\Container\Container->resolve()
#23 /opt/librenms/vendor/laravel/framework/src/Illuminate/Container/Container.php(731): Illuminate\Foundation\Application->resolve()
#24 /opt/librenms/vendor/laravel/framework/src/Illuminate/Foundation/Application.php(971): Illuminate\Container\Container->make()
#25 /opt/librenms/vendor/laravel/framework/src/Illuminate/Container/Container.php(1454): Illuminate\Foundation\Application->make()
#26 /opt/librenms/vendor/laravel/framework/src/Illuminate/Support/Facades/Facade.php(237): Illuminate\Container\Container->offsetGet()
#27 /opt/librenms/vendor/laravel/framework/src/Illuminate/Support/Facades/Facade.php(208): Illuminate\Support\Facades\Facade::resolveFacadeInstance()
#28 /opt/librenms/vendor/laravel/framework/src/Illuminate/Support/Facades/Facade.php(349): Illuminate\Support\Facades\Facade::getFacadeRoot()
#29 /opt/librenms/LibreNMS/Config.php(53): Illuminate\Support\Facades\Facade::__callStatic()
#30 /opt/librenms/includes/init.php(108): LibreNMS\Config::get()
#31 /opt/librenms/syslog.php(12): require('...')
#32 {main}  
[2025-05-16T18:20:06][ERROR] PDOException: SQLSTATE[42S02]: Base table or view not found: 1146 Table 'librenms.config' doesn't exist in /opt/librenms/vendor/laravel/framework/src/Illuminate/Database/Connection.php:423
Stack trace:
#0 /opt/librenms/vendor/laravel/framework/src/Illuminate/Database/Connection.php(423): PDO->prepare()
#1 /opt/librenms/vendor/laravel/framework/src/Illuminate/Database/Connection.php(816): Illuminate\Database\Connection->Illuminate\Database\{closure}()
#2 /opt/librenms/vendor/laravel/framework/src/Illuminate/Database/Connection.php(783): Illuminate\Database\Connection->runQueryCallback()
#3 /opt/librenms/vendor/laravel/framework/src/Illuminate/Database/Connection.php(414): Illuminate\Database\Connection->run()
#4 /opt/librenms/vendor/laravel/framework/src/Illuminate/Database/Query/Builder.php(2913): Illuminate\Database\Connection->select()
#5 /opt/librenms/vendor/laravel/framework/src/Illuminate/Database/Query/Builder.php(2902): Illuminate\Database\Query\Builder->runSelect()
#6 /opt/librenms/vendor/laravel/framework/src/Illuminate/Database/Query/Builder.php(3456): Illuminate\Database\Query\Builder->Illuminate\Database\Query\{closure}()
#7 /opt/librenms/vendor/laravel/framework/src/Illuminate/Database/Query/Builder.php(2901): Illuminate\Database\Query\Builder->onceWithColumns()
#8 /opt/librenms/vendor/laravel/framework/src/Illuminate/Database/Eloquent/Builder.php(739): Illuminate\Database\Query\Builder->get()
#9 /opt/librenms/vendor/laravel/framework/src/Illuminate/Database/Eloquent/Builder.php(723): Illuminate\Database\Eloquent\Builder->getModels()
#10 /opt/librenms/vendor/laravel/framework/src/Illuminate/Database/Concerns/BuildsQueries.php(333): Illuminate\Database\Eloquent\Builder->get()
#11 /opt/librenms/vendor/laravel/framework/src/Illuminate/Database/Eloquent/Builder.php(568): Illuminate\Database\Eloquent\Builder->first()
#12 /opt/librenms/vendor/laravel/framework/src/Illuminate/Database/Eloquent/Builder.php(600): Illuminate\Database\Eloquent\Builder->firstOrCreate()
#13 /opt/librenms/vendor/laravel/framework/src/Illuminate/Support/Traits/ForwardsCalls.php(23): Illuminate\Database\Eloquent\Builder->updateOrCreate()
#14 /opt/librenms/vendor/laravel/framework/src/Illuminate/Database/Eloquent/Model.php(2335): Illuminate\Database\Eloquent\Model->forwardCallTo()
#15 /opt/librenms/vendor/laravel/framework/src/Illuminate/Database/Eloquent/Model.php(2347): Illuminate\Database\Eloquent\Model->__call()
#16 /opt/librenms/app/ConfigRepository.php(224): Illuminate\Database\Eloquent\Model::__callStatic()
#17 /opt/librenms/app/ConfigRepository.php(451): App\ConfigRepository->persist()
#18 /opt/librenms/app/ConfigRepository.php(62): App\ConfigRepository->loadPostUserConfigDefaults()
#19 /opt/librenms/vendor/laravel/framework/src/Illuminate/Cache/Repository.php(396): App\ConfigRepository->App\{closure}()
#20 /opt/librenms/app/ConfigRepository.php(55): Illuminate\Cache\Repository->remember()
#21 /opt/librenms/app/Providers/ConfigServiceProvider.php(20): App\ConfigRepository->__construct()
#22 /opt/librenms/vendor/laravel/framework/src/Illuminate/Container/Container.php(908): App\Providers\ConfigServiceProvider->App\Providers\{closure}()
#23 /opt/librenms/vendor/laravel/framework/src/Illuminate/Container/Container.php(795): Illuminate\Container\Container->build()
#24 /opt/librenms/vendor/laravel/framework/src/Illuminate/Foundation/Application.php(986): Illuminate\Container\Container->resolve()
#25 /opt/librenms/vendor/laravel/framework/src/Illuminate/Container/Container.php(731): Illuminate\Foundation\Application->resolve()
#26 /opt/librenms/vendor/laravel/framework/src/Illuminate/Foundation/Application.php(971): Illuminate\Container\Container->make()
#27 /opt/librenms/vendor/laravel/framework/src/Illuminate/Container/Container.php(1454): Illuminate\Foundation\Application->make()
#28 /opt/librenms/vendor/laravel/framework/src/Illuminate/Support/Facades/Facade.php(237): Illuminate\Container\Container->offsetGet()
#29 /opt/librenms/vendor/laravel/framework/src/Illuminate/Support/Facades/Facade.php(208): Illuminate\Support\Facades\Facade::resolveFacadeInstance()
#30 /opt/librenms/vendor/laravel/framework/src/Illuminate/Support/Facades/Facade.php(349): Illuminate\Support\Facades\Facade::getFacadeRoot()
#31 /opt/librenms/LibreNMS/Config.php(53): Illuminate\Support\Facades\Facade::__callStatic()
#32 /opt/librenms/includes/init.php(108): LibreNMS\Config::get()
#33 /opt/librenms/syslog.php(12): require('...')
#34 {main}

Next Illuminate\Database\QueryException: SQLSTATE[42S02]: Base table or view not found: 1146 Table 'librenms.config' doesn't exist (Connection: mysql, SQL: select * from `config` where (`config_name` = traceroute) limit 1) in /opt/librenms/vendor/laravel/framework/src/Illuminate/Database/Connection.php:829
Stack trace:
#0 /opt/librenms/vendor/laravel/framework/src/Illuminate/Database/Connection.php(783): Illuminate\Database\Connection->runQueryCallback()
#1 /opt/librenms/vendor/laravel/framework/src/Illuminate/Database/Connection.php(414): Illuminate\Database\Connection->run()
#2 /opt/librenms/vendor/laravel/framework/src/Illuminate/Database/Query/Builder.php(2913): Illuminate\Database\Connection->select()
#3 /opt/librenms/vendor/laravel/framework/src/Illuminate/Database/Query/Builder.php(2902): Illuminate\Database\Query\Builder->runSelect()
#4 /opt/librenms/vendor/laravel/framework/src/Illuminate/Database/Query/Builder.php(3456): Illuminate\Database\Query\Builder->Illuminate\Database\Query\{closure}()
#5 /opt/librenms/vendor/laravel/framework/src/Illuminate/Database/Query/Builder.php(2901): Illuminate\Database\Query\Builder->onceWithColumns()
#6 /opt/librenms/vendor/laravel/framework/src/Illuminate/Database/Eloquent/Builder.php(739): Illuminate\Database\Query\Builder->get()
#7 /opt/librenms/vendor/laravel/framework/src/Illuminate/Database/Eloquent/Builder.php(723): Illuminate\Database\Eloquent\Builder->getModels()
#8 /opt/librenms/vendor/laravel/framework/src/Illuminate/Database/Concerns/BuildsQueries.php(333): Illuminate\Database\Eloquent\Builder->get()
#9 /opt/librenms/vendor/laravel/framework/src/Illuminate/Database/Eloquent/Builder.php(568): Illuminate\Database\Eloquent\Builder->first()
#10 /opt/librenms/vendor/laravel/framework/src/Illuminate/Database/Eloquent/Builder.php(600): Illuminate\Database\Eloquent\Builder->firstOrCreate()
#11 /opt/librenms/vendor/laravel/framework/src/Illuminate/Support/Traits/ForwardsCalls.php(23): Illuminate\Database\Eloquent\Builder->updateOrCreate()
#12 /opt/librenms/vendor/laravel/framework/src/Illuminate/Database/Eloquent/Model.php(2335): Illuminate\Database\Eloquent\Model->forwardCallTo()
#13 /opt/librenms/vendor/laravel/framework/src/Illuminate/Database/Eloquent/Model.php(2347): Illuminate\Database\Eloquent\Model->__call()
#14 /opt/librenms/app/ConfigRepository.php(224): Illuminate\Database\Eloquent\Model::__callStatic()
#15 /opt/librenms/app/ConfigRepository.php(451): App\ConfigRepository->persist()
#16 /opt/librenms/app/ConfigRepository.php(62): App\ConfigRepository->loadPostUserConfigDefaults()
#17 /opt/librenms/vendor/laravel/framework/src/Illuminate/Cache/Repository.php(396): App\ConfigRepository->App\{closure}()
#18 /opt/librenms/app/ConfigRepository.php(55): Illuminate\Cache\Repository->remember()
#19 /opt/librenms/app/Providers/ConfigServiceProvider.php(20): App\ConfigRepository->__construct()
#20 /opt/librenms/vendor/laravel/framework/src/Illuminate/Container/Container.php(908): App\Providers\ConfigServiceProvider->App\Providers\{closure}()
#21 /opt/librenms/vendor/laravel/framework/src/Illuminate/Container/Container.php(795): Illuminate\Container\Container->build()
#22 /opt/librenms/vendor/laravel/framework/src/Illuminate/Foundation/Application.php(986): Illuminate\Container\Container->resolve()
#23 /opt/librenms/vendor/laravel/framework/src/Illuminate/Container/Container.php(731): Illuminate\Foundation\Application->resolve()
#24 /opt/librenms/vendor/laravel/framework/src/Illuminate/Foundation/Application.php(971): Illuminate\Container\Container->make()
#25 /opt/librenms/vendor/laravel/framework/src/Illuminate/Container/Container.php(1454): Illuminate\Foundation\Application->make()
#26 /opt/librenms/vendor/laravel/framework/src/Illuminate/Support/Facades/Facade.php(237): Illuminate\Container\Container->offsetGet()
#27 /opt/librenms/vendor/laravel/framework/src/Illuminate/Support/Facades/Facade.php(208): Illuminate\Support\Facades\Facade::resolveFacadeInstance()
#28 /opt/librenms/vendor/laravel/framework/src/Illuminate/Support/Facades/Facade.php(349): Illuminate\Support\Facades\Facade::getFacadeRoot()
#29 /opt/librenms/LibreNMS/Config.php(53): Illuminate\Support\Facades\Facade::__callStatic()
#30 /opt/librenms/includes/init.php(108): LibreNMS\Config::get()
#31 /opt/librenms/syslog.php(12): require('...')
#32 {main}  
[2025-05-16T18:20:06][ERROR] PDOException: SQLSTATE[42S02]: Base table or view not found: 1146 Table 'librenms.config' doesn't exist in /opt/librenms/vendor/laravel/framework/src/Illuminate/Database/Connection.php:423
Stack trace:
#0 /opt/librenms/vendor/laravel/framework/src/Illuminate/Database/Connection.php(423): PDO->prepare()
#1 /opt/librenms/vendor/laravel/framework/src/Illuminate/Database/Connection.php(816): Illuminate\Database\Connection->Illuminate\Database\{closure}()
#2 /opt/librenms/vendor/laravel/framework/src/Illuminate/Database/Connection.php(783): Illuminate\Database\Connection->runQueryCallback()
#3 /opt/librenms/vendor/laravel/framework/src/Illuminate/Database/Connection.php(414): Illuminate\Database\Connection->run()
#4 /opt/librenms/vendor/laravel/framework/src/Illuminate/Database/Query/Builder.php(2913): Illuminate\Database\Connection->select()
#5 /opt/librenms/vendor/laravel/framework/src/Illuminate/Database/Query/Builder.php(2902): Illuminate\Database\Query\Builder->runSelect()
#6 /opt/librenms/vendor/laravel/framework/src/Illuminate/Database/Query/Builder.php(3456): Illuminate\Database\Query\Builder->Illuminate\Database\Query\{closure}()
#7 /opt/librenms/vendor/laravel/framework/src/Illuminate/Database/Query/Builder.php(2901): Illuminate\Database\Query\Builder->onceWithColumns()
#8 /opt/librenms/vendor/laravel/framework/src/Illuminate/Database/Eloquent/Builder.php(739): Illuminate\Database\Query\Builder->get()
#9 /opt/librenms/vendor/laravel/framework/src/Illuminate/Database/Eloquent/Builder.php(723): Illuminate\Database\Eloquent\Builder->getModels()
#10 /opt/librenms/vendor/laravel/framework/src/Illuminate/Database/Concerns/BuildsQueries.php(333): Illuminate\Database\Eloquent\Builder->get()
#11 /opt/librenms/vendor/laravel/framework/src/Illuminate/Database/Eloquent/Builder.php(568): Illuminate\Database\Eloquent\Builder->first()
#12 /opt/librenms/vendor/laravel/framework/src/Illuminate/Database/Eloquent/Builder.php(600): Illuminate\Database\Eloquent\Builder->firstOrCreate()
#13 /opt/librenms/vendor/laravel/framework/src/Illuminate/Support/Traits/ForwardsCalls.php(23): Illuminate\Database\Eloquent\Builder->updateOrCreate()
#14 /opt/librenms/vendor/laravel/framework/src/Illuminate/Database/Eloquent/Model.php(2335): Illuminate\Database\Eloquent\Model->forwardCallTo()
#15 /opt/librenms/vendor/laravel/framework/src/Illuminate/Database/Eloquent/Model.php(2347): Illuminate\Database\Eloquent\Model->__call()
#16 /opt/librenms/app/ConfigRepository.php(224): Illuminate\Database\Eloquent\Model::__callStatic()
#17 /opt/librenms/app/ConfigRepository.php(456): App\ConfigRepository->persist()
#18 /opt/librenms/app/ConfigRepository.php(62): App\ConfigRepository->loadPostUserConfigDefaults()
#19 /opt/librenms/vendor/laravel/framework/src/Illuminate/Cache/Repository.php(396): App\ConfigRepository->App\{closure}()
#20 /opt/librenms/app/ConfigRepository.php(55): Illuminate\Cache\Repository->remember()
#21 /opt/librenms/app/Providers/ConfigServiceProvider.php(20): App\ConfigRepository->__construct()
#22 /opt/librenms/vendor/laravel/framework/src/Illuminate/Container/Container.php(908): App\Providers\ConfigServiceProvider->App\Providers\{closure}()
#23 /opt/librenms/vendor/laravel/framework/src/Illuminate/Container/Container.php(795): Illuminate\Container\Container->build()
#24 /opt/librenms/vendor/laravel/framework/src/Illuminate/Foundation/Application.php(986): Illuminate\Container\Container->resolve()
#25 /opt/librenms/vendor/laravel/framework/src/Illuminate/Container/Container.php(731): Illuminate\Foundation\Application->resolve()
#26 /opt/librenms/vendor/laravel/framework/src/Illuminate/Foundation/Application.php(971): Illuminate\Container\Container->make()
#27 /opt/librenms/vendor/laravel/framework/src/Illuminate/Container/Container.php(1454): Illuminate\Foundation\Application->make()
#28 /opt/librenms/vendor/laravel/framework/src/Illuminate/Support/Facades/Facade.php(237): Illuminate\Container\Container->offsetGet()
#29 /opt/librenms/vendor/laravel/framework/src/Illuminate/Support/Facades/Facade.php(208): Illuminate\Support\Facades\Facade::resolveFacadeInstance()
#30 /opt/librenms/vendor/laravel/framework/src/Illuminate/Support/Facades/Facade.php(349): Illuminate\Support\Facades\Facade::getFacadeRoot()
#31 /opt/librenms/LibreNMS/Config.php(53): Illuminate\Support\Facades\Facade::__callStatic()
#32 /opt/librenms/includes/init.php(108): LibreNMS\Config::get()
#33 /opt/librenms/syslog.php(12): require('...')
#34 {main}

Next Illuminate\Database\QueryException: SQLSTATE[42S02]: Base table or view not found: 1146 Table 'librenms.config' doesn't exist (Connection: mysql, SQL: select * from `config` where (`config_name` = rrdtool_version) limit 1) in /opt/librenms/vendor/laravel/framework/src/Illuminate/Database/Connection.php:829
Stack trace:
#0 /opt/librenms/vendor/laravel/framework/src/Illuminate/Database/Connection.php(783): Illuminate\Database\Connection->runQueryCallback()
#1 /opt/librenms/vendor/laravel/framework/src/Illuminate/Database/Connection.php(414): Illuminate\Database\Connection->run()
#2 /opt/librenms/vendor/laravel/framework/src/Illuminate/Database/Query/Builder.php(2913): Illuminate\Database\Connection->select()
#3 /opt/librenms/vendor/laravel/framework/src/Illuminate/Database/Query/Builder.php(2902): Illuminate\Database\Query\Builder->runSelect()
#4 /opt/librenms/vendor/laravel/framework/src/Illuminate/Database/Query/Builder.php(3456): Illuminate\Database\Query\Builder->Illuminate\Database\Query\{closure}()
#5 /opt/librenms/vendor/laravel/framework/src/Illuminate/Database/Query/Builder.php(2901): Illuminate\Database\Query\Builder->onceWithColumns()
#6 /opt/librenms/vendor/laravel/framework/src/Illuminate/Database/Eloquent/Builder.php(739): Illuminate\Database\Query\Builder->get()
#7 /opt/librenms/vendor/laravel/framework/src/Illuminate/Database/Eloquent/Builder.php(723): Illuminate\Database\Eloquent\Builder->getModels()
#8 /opt/librenms/vendor/laravel/framework/src/Illuminate/Database/Concerns/BuildsQueries.php(333): Illuminate\Database\Eloquent\Builder->get()
#9 /opt/librenms/vendor/laravel/framework/src/Illuminate/Database/Eloquent/Builder.php(568): Illuminate\Database\Eloquent\Builder->first()
#10 /opt/librenms/vendor/laravel/framework/src/Illuminate/Database/Eloquent/Builder.php(600): Illuminate\Database\Eloquent\Builder->firstOrCreate()
#11 /opt/librenms/vendor/laravel/framework/src/Illuminate/Support/Traits/ForwardsCalls.php(23): Illuminate\Database\Eloquent\Builder->updateOrCreate()
#12 /opt/librenms/vendor/laravel/framework/src/Illuminate/Database/Eloquent/Model.php(2335): Illuminate\Database\Eloquent\Model->forwardCallTo()
#13 /opt/librenms/vendor/laravel/framework/src/Illuminate/Database/Eloquent/Model.php(2347): Illuminate\Database\Eloquent\Model->__call()
#14 /opt/librenms/app/ConfigRepository.php(224): Illuminate\Database\Eloquent\Model::__callStatic()
#15 /opt/librenms/app/ConfigRepository.php(456): App\ConfigRepository->persist()
#16 /opt/librenms/app/ConfigRepository.php(62): App\ConfigRepository->loadPostUserConfigDefaults()
#17 /opt/librenms/vendor/laravel/framework/src/Illuminate/Cache/Repository.php(396): App\ConfigRepository->App\{closure}()
#18 /opt/librenms/app/ConfigRepository.php(55): Illuminate\Cache\Repository->remember()
#19 /opt/librenms/app/Providers/ConfigServiceProvider.php(20): App\ConfigRepository->__construct()
#20 /opt/librenms/vendor/laravel/framework/src/Illuminate/Container/Container.php(908): App\Providers\ConfigServiceProvider->App\Providers\{closure}()
#21 /opt/librenms/vendor/laravel/framework/src/Illuminate/Container/Container.php(795): Illuminate\Container\Container->build()
#22 /opt/librenms/vendor/laravel/framework/src/Illuminate/Foundation/Application.php(986): Illuminate\Container\Container->resolve()
#23 /opt/librenms/vendor/laravel/framework/src/Illuminate/Container/Container.php(731): Illuminate\Foundation\Application->resolve()
#24 /opt/librenms/vendor/laravel/framework/src/Illuminate/Foundation/Application.php(971): Illuminate\Container\Container->make()
#25 /opt/librenms/vendor/laravel/framework/src/Illuminate/Container/Container.php(1454): Illuminate\Foundation\Application->make()
#26 /opt/librenms/vendor/laravel/framework/src/Illuminate/Support/Facades/Facade.php(237): Illuminate\Container\Container->offsetGet()
#27 /opt/librenms/vendor/laravel/framework/src/Illuminate/Support/Facades/Facade.php(208): Illuminate\Support\Facades\Facade::resolveFacadeInstance()
#28 /opt/librenms/vendor/laravel/framework/src/Illuminate/Support/Facades/Facade.php(349): Illuminate\Support\Facades\Facade::getFacadeRoot()
#29 /opt/librenms/LibreNMS/Config.php(53): Illuminate\Support\Facades\Facade::__callStatic()
#30 /opt/librenms/includes/init.php(108): LibreNMS\Config::get()
#31 /opt/librenms/syslog.php(12): require('...')
#32 {main}  
[2025-05-16T18:20:06][ERROR] PDOException: SQLSTATE[42S02]: Base table or view not found: 1146 Table 'librenms.config' doesn't exist in /opt/librenms/vendor/laravel/framework/src/Illuminate/Database/Connection.php:423
Stack trace:
#0 /opt/librenms/vendor/laravel/framework/src/Illuminate/Database/Connection.php(423): PDO->prepare()
#1 /opt/librenms/vendor/laravel/framework/src/Illuminate/Database/Connection.php(816): Illuminate\Database\Connection->Illuminate\Database\{closure}()
#2 /opt/librenms/vendor/laravel/framework/src/Illuminate/Database/Connection.php(783): Illuminate\Database\Connection->runQueryCallback()
#3 /opt/librenms/vendor/laravel/framework/src/Illuminate/Database/Connection.php(414): Illuminate\Database\Connection->run()
#4 /opt/librenms/vendor/laravel/framework/src/Illuminate/Database/Query/Builder.php(2913): Illuminate\Database\Connection->select()
#5 /opt/librenms/vendor/laravel/framework/src/Illuminate/Database/Query/Builder.php(2902): Illuminate\Database\Query\Builder->runSelect()
#6 /opt/librenms/vendor/laravel/framework/src/Illuminate/Database/Query/Builder.php(3456): Illuminate\Database\Query\Builder->Illuminate\Database\Query\{closure}()
#7 /opt/librenms/vendor/laravel/framework/src/Illuminate/Database/Query/Builder.php(2901): Illuminate\Database\Query\Builder->onceWithColumns()
#8 /opt/librenms/vendor/laravel/framework/src/Illuminate/Database/Eloquent/Builder.php(739): Illuminate\Database\Query\Builder->get()
#9 /opt/librenms/vendor/laravel/framework/src/Illuminate/Database/Eloquent/Builder.php(723): Illuminate\Database\Eloquent\Builder->getModels()
#10 /opt/librenms/vendor/laravel/framework/src/Illuminate/Database/Concerns/BuildsQueries.php(333): Illuminate\Database\Eloquent\Builder->get()
#11 /opt/librenms/vendor/laravel/framework/src/Illuminate/Database/Eloquent/Builder.php(568): Illuminate\Database\Eloquent\Builder->first()
#12 /opt/librenms/vendor/laravel/framework/src/Illuminate/Database/Eloquent/Builder.php(600): Illuminate\Database\Eloquent\Builder->firstOrCreate()
#13 /opt/librenms/vendor/laravel/framework/src/Illuminate/Support/Traits/ForwardsCalls.php(23): Illuminate\Database\Eloquent\Builder->updateOrCreate()
#14 /opt/librenms/vendor/laravel/framework/src/Illuminate/Database/Eloquent/Model.php(2335): Illuminate\Database\Eloquent\Model->forwardCallTo()
#15 /opt/librenms/vendor/laravel/framework/src/Illuminate/Database/Eloquent/Model.php(2347): Illuminate\Database\Eloquent\Model->__call()
#16 /opt/librenms/app/ConfigRepository.php(224): Illuminate\Database\Eloquent\Model::__callStatic()
#17 /opt/librenms/app/ConfigRepository.php(459): App\ConfigRepository->persist()
#18 /opt/librenms/app/ConfigRepository.php(62): App\ConfigRepository->loadPostUserConfigDefaults()
#19 /opt/librenms/vendor/laravel/framework/src/Illuminate/Cache/Repository.php(396): App\ConfigRepository->App\{closure}()
#20 /opt/librenms/app/ConfigRepository.php(55): Illuminate\Cache\Repository->remember()
#21 /opt/librenms/app/Providers/ConfigServiceProvider.php(20): App\ConfigRepository->__construct()
#22 /opt/librenms/vendor/laravel/framework/src/Illuminate/Container/Container.php(908): App\Providers\ConfigServiceProvider->App\Providers\{closure}()
#23 /opt/librenms/vendor/laravel/framework/src/Illuminate/Container/Container.php(795): Illuminate\Container\Container->build()
#24 /opt/librenms/vendor/laravel/framework/src/Illuminate/Foundation/Application.php(986): Illuminate\Container\Container->resolve()
#25 /opt/librenms/vendor/laravel/framework/src/Illuminate/Container/Container.php(731): Illuminate\Foundation\Application->resolve()
#26 /opt/librenms/vendor/laravel/framework/src/Illuminate/Foundation/Application.php(971): Illuminate\Container\Container->make()
#27 /opt/librenms/vendor/laravel/framework/src/Illuminate/Container/Container.php(1454): Illuminate\Foundation\Application->make()
#28 /opt/librenms/vendor/laravel/framework/src/Illuminate/Support/Facades/Facade.php(237): Illuminate\Container\Container->offsetGet()
#29 /opt/librenms/vendor/laravel/framework/src/Illuminate/Support/Facades/Facade.php(208): Illuminate\Support\Facades\Facade::resolveFacadeInstance()
#30 /opt/librenms/vendor/laravel/framework/src/Illuminate/Support/Facades/Facade.php(349): Illuminate\Support\Facades\Facade::getFacadeRoot()
#31 /opt/librenms/LibreNMS/Config.php(53): Illuminate\Support\Facades\Facade::__callStatic()
#32 /opt/librenms/includes/init.php(108): LibreNMS\Config::get()
#33 /opt/librenms/syslog.php(12): require('...')
#34 {main}

Next Illuminate\Database\QueryException: SQLSTATE[42S02]: Base table or view not found: 1146 Table 'librenms.config' doesn't exist (Connection: mysql, SQL: select * from `config` where (`config_name` = snmp.unescape) limit 1) in /opt/librenms/vendor/laravel/framework/src/Illuminate/Database/Connection.php:829
Stack trace:
#0 /opt/librenms/vendor/laravel/framework/src/Illuminate/Database/Connection.php(783): Illuminate\Database\Connection->runQueryCallback()
#1 /opt/librenms/vendor/laravel/framework/src/Illuminate/Database/Connection.php(414): Illuminate\Database\Connection->run()
#2 /opt/librenms/vendor/laravel/framework/src/Illuminate/Database/Query/Builder.php(2913): Illuminate\Database\Connection->select()
#3 /opt/librenms/vendor/laravel/framework/src/Illuminate/Database/Query/Builder.php(2902): Illuminate\Database\Query\Builder->runSelect()
#4 /opt/librenms/vendor/laravel/framework/src/Illuminate/Database/Query/Builder.php(3456): Illuminate\Database\Query\Builder->Illuminate\Database\Query\{closure}()
#5 /opt/librenms/vendor/laravel/framework/src/Illuminate/Database/Query/Builder.php(2901): Illuminate\Database\Query\Builder->onceWithColumns()
#6 /opt/librenms/vendor/laravel/framework/src/Illuminate/Database/Eloquent/Builder.php(739): Illuminate\Database\Query\Builder->get()
#7 /opt/librenms/vendor/laravel/framework/src/Illuminate/Database/Eloquent/Builder.php(723): Illuminate\Database\Eloquent\Builder->getModels()
#8 /opt/librenms/vendor/laravel/framework/src/Illuminate/Database/Concerns/BuildsQueries.php(333): Illuminate\Database\Eloquent\Builder->get()
#9 /opt/librenms/vendor/laravel/framework/src/Illuminate/Database/Eloquent/Builder.php(568): Illuminate\Database\Eloquent\Builder->first()
#10 /opt/librenms/vendor/laravel/framework/src/Illuminate/Database/Eloquent/Builder.php(600): Illuminate\Database\Eloquent\Builder->firstOrCreate()
#11 /opt/librenms/vendor/laravel/framework/src/Illuminate/Support/Traits/ForwardsCalls.php(23): Illuminate\Database\Eloquent\Builder->updateOrCreate()
#12 /opt/librenms/vendor/laravel/framework/src/Illuminate/Database/Eloquent/Model.php(2335): Illuminate\Database\Eloquent\Model->forwardCallTo()
#13 /opt/librenms/vendor/laravel/framework/src/Illuminate/Database/Eloquent/Model.php(2347): Illuminate\Database\Eloquent\Model->__call()
#14 /opt/librenms/app/ConfigRepository.php(224): Illuminate\Database\Eloquent\Model::__callStatic()
#15 /opt/librenms/app/ConfigRepository.php(459): App\ConfigRepository->persist()
#16 /opt/librenms/app/ConfigRepository.php(62): App\ConfigRepository->loadPostUserConfigDefaults()
#17 /opt/librenms/vendor/laravel/framework/src/Illuminate/Cache/Repository.php(396): App\ConfigRepository->App\{closure}()
#18 /opt/librenms/app/ConfigRepository.php(55): Illuminate\Cache\Repository->remember()
#19 /opt/librenms/app/Providers/ConfigServiceProvider.php(20): App\ConfigRepository->__construct()
#20 /opt/librenms/vendor/laravel/framework/src/Illuminate/Container/Container.php(908): App\Providers\ConfigServiceProvider->App\Providers\{closure}()
#21 /opt/librenms/vendor/laravel/framework/src/Illuminate/Container/Container.php(795): Illuminate\Container\Container->build()
#22 /opt/librenms/vendor/laravel/framework/src/Illuminate/Foundation/Application.php(986): Illuminate\Container\Container->resolve()
#23 /opt/librenms/vendor/laravel/framework/src/Illuminate/Container/Container.php(731): Illuminate\Foundation\Application->resolve()
#24 /opt/librenms/vendor/laravel/framework/src/Illuminate/Foundation/Application.php(971): Illuminate\Container\Container->make()
#25 /opt/librenms/vendor/laravel/framework/src/Illuminate/Container/Container.php(1454): Illuminate\Foundation\Application->make()
#26 /opt/librenms/vendor/laravel/framework/src/Illuminate/Support/Facades/Facade.php(237): Illuminate\Container\Container->offsetGet()
#27 /opt/librenms/vendor/laravel/framework/src/Illuminate/Support/Facades/Facade.php(208): Illuminate\Support\Facades\Facade::resolveFacadeInstance()
#28 /opt/librenms/vendor/laravel/framework/src/Illuminate/Support/Facades/Facade.php(349): Illuminate\Support\Facades\Facade::getFacadeRoot()
#29 /opt/librenms/LibreNMS/Config.php(53): Illuminate\Support\Facades\Facade::__callStatic()
#30 /opt/librenms/includes/init.php(108): LibreNMS\Config::get()
#31 /opt/librenms/syslog.php(12): require('...')
#32 {main}  
[2025-05-16T18:20:06][ERROR] SQLSTATE[42S02]: Base table or view not found: 1146 Table 'librenms.ipv4_addresses' doesn't exist (Connection: mysql, SQL: SELECT `device_id` FROM `ipv4_addresses` AS A, `ports` AS I WHERE A.ipv4_address = librenms-syslogng AND I.port_id = A.port_id) (Connection: dbFacile, SQL: SELECT `device_id` FROM `ipv4_addresses` AS A, `ports` AS I WHERE A.ipv4_address = librenms-syslogng AND I.port_id = A.port_id)#0 /opt/librenms/includes/syslog.php(21): dbFetchCell()
#1 /opt/librenms/includes/syslog.php(60): get_cache()
#2 /opt/librenms/syslog.php(18): process_syslog()
#3 {main}  
